

============================== 2023-10-01 20:49:25.338723 | a9bcbf52-4c2c-4656-a07f-ffee89467c78 ==============================
[0m20:49:25.338723 [info ] [MainThread]: Running with dbt=1.3.0
[0m20:49:25.343721 [debug] [MainThread]: running dbt with arguments {'write_json': True, 'use_colors': True, 'printer_width': 80, 'version_check': True, 'partial_parse': True, 'static_parser': True, 'profiles_dir': 'C:\\Users\\Tuntu\\.dbt', 'send_anonymous_usage_stats': True, 'event_buffer_size': 100000, 'quiet': False, 'no_print': False, 'skip_profile_setup': False, 'which': 'init', 'indirect_selection': 'eager'}
[0m20:49:25.343721 [debug] [MainThread]: Tracking: tracking
[0m20:49:25.343721 [debug] [MainThread]: Sending event: {'category': 'dbt', 'action': 'invocation', 'label': 'start', 'context': [<snowplow_tracker.self_describing_json.SelfDescribingJson object at 0x000001974805A790>, <snowplow_tracker.self_describing_json.SelfDescribingJson object at 0x000001974805AB50>, <snowplow_tracker.self_describing_json.SelfDescribingJson object at 0x000001974805AA30>]}
[0m20:49:25.353725 [debug] [MainThread]: Flushing usage events
[0m22:56:52.481148 [debug] [MainThread]: Sending event: {'category': 'dbt', 'action': 'invocation', 'label': 'start', 'context': [<snowplow_tracker.self_describing_json.SelfDescribingJson object at 0x00000254B8961460>, <snowplow_tracker.self_describing_json.SelfDescribingJson object at 0x00000254BAD83730>, <snowplow_tracker.self_describing_json.SelfDescribingJson object at 0x00000254BAD836D0>]}


============================== 22:56:52.577823 | abac353a-fd7c-458b-82d9-8bae7e81c243 ==============================
[0m22:56:52.577823 [info ] [MainThread]: Running with dbt=1.6.4
[0m22:56:52.585823 [debug] [MainThread]: running dbt with arguments {'printer_width': '80', 'indirect_selection': 'eager', 'write_json': 'True', 'log_cache_events': 'False', 'partial_parse': 'True', 'cache_selected_only': 'False', 'warn_error': 'None', 'version_check': 'True', 'debug': 'False', 'log_path': 'logs', 'fail_fast': 'False', 'profiles_dir': 'C:\\Users\\Tuntu\\.dbt', 'use_colors': 'True', 'use_experimental_parser': 'False', 'no_print': 'None', 'quiet': 'False', 'log_format': 'default', 'invocation_command': 'dbt init', 'warn_error_options': 'WarnErrorOptions(include=[], exclude=[])', 'introspect': 'True', 'target_path': 'None', 'static_parser': 'True', 'send_anonymous_usage_stats': 'True'}
[0m22:57:26.481279 [debug] [MainThread]: Starter project path: C:\Users\Tuntu\AppData\Local\Programs\Python\Python38\lib\site-packages\dbt\include\starter_project
[0m22:57:26.641745 [info ] [MainThread]: 
Your new dbt project "kidney_disease_class" was created!

For more information on how to configure the profiles.yml file,
please consult the dbt documentation here:

  https://docs.getdbt.com/docs/configure-your-profile

One more thing:

Need help? Don't hesitate to reach out to us via GitHub issues or on Slack:

  https://community.getdbt.com/

Happy modeling!

[0m22:57:26.651746 [info ] [MainThread]: Setting up your profile.
[0m22:57:30.547508 [info ] [MainThread]: Profile kidney_disease_class written to C:\Users\Tuntu\.dbt\profiles.yml using target's sample configuration. Once updated, you'll be able to start developing with dbt.
[0m22:57:30.592725 [debug] [MainThread]: Command `dbt init` succeeded at 22:57:30.592725 after 38.12 seconds
[0m22:57:30.592725 [debug] [MainThread]: Sending event: {'category': 'dbt', 'action': 'invocation', 'label': 'end', 'context': [<snowplow_tracker.self_describing_json.SelfDescribingJson object at 0x00000254B8961460>, <snowplow_tracker.self_describing_json.SelfDescribingJson object at 0x00000254BAD835E0>, <snowplow_tracker.self_describing_json.SelfDescribingJson object at 0x00000254BADAAB20>]}
[0m22:57:30.597683 [debug] [MainThread]: Flushing usage events
